<html>
<head>
<title>TestNG:  Test</title>
<link href="../testng.css" rel="stylesheet" type="text/css" />
<link href="../my-testng.css" rel="stylesheet" type="text/css" />

<style type="text/css">
.log { display: none;} 
.stack-trace { display: none;} 
</style>
<script type="text/javascript">
<!--
function flip(e) {
  current = e.style.display;
  if (current == 'block') {
    e.style.display = 'none';
    return 0;
  }
  else {
    e.style.display = 'block';
    return 1;
  }
}

function toggleBox(szDivId, elem, msg1, msg2)
{
  var res = -1;  if (document.getElementById) {
    res = flip(document.getElementById(szDivId));
  }
  else if (document.all) {
    // this is the way old msie versions work
    res = flip(document.all[szDivId]);
  }
  if(elem) {
    if(res == 0) elem.innerHTML = msg1; else elem.innerHTML = msg2;
  }

}

function toggleAllBoxes() {
  if (document.getElementsByTagName) {
    d = document.getElementsByTagName('div');
    for (i = 0; i < d.length; i++) {
      if (d[i].className == 'log') {
        flip(d[i]);
      }
    }
  }
}

// -->
</script>

</head>
<body>
<h2 align='center'>Test</h2><table border='1' align="center">
<tr>
<td>Tests passed/Failed/Skipped:</td><td>23/1/0</td>
</tr><tr>
<td>Started on:</td><td>Sat Feb 24 23:53:32 IST 2024</td>
</tr>
<tr><td>Total time:</td><td>991 seconds (991975 ms)</td>
</tr><tr>
<td>Included groups:</td><td></td>
</tr><tr>
<td>Excluded groups:</td><td></td>
</tr>
</table><p/>
<small><i>(Hover the method name to see the test class name)</i></small><p/>
<table width='100%' border='1' class='invocation-failed'>
<tr><td colspan='4' align='center'><b>FAILED TESTS</b></td></tr>
<tr><td><b>Test method</b></td>
<td width="30%"><b>Exception</b></td>
<td width="10%"><b>Time (seconds)</b></td>
<td><b>Instance</b></td>
</tr>
<tr>
<td title='com.IdentifyNewBikes.testRunner.testRun.runScenario()'><b>runScenario</b><br>Test class: com.IdentifyNewBikes.testRunner.testRun<br>Test method: Runs Cucumber Scenarios<br>Parameters: "Verifying the New Bikes dropdown", "Identify New Bikes"</td>
<td><div><pre>org.openqa.selenium.NoSuchElementException: no such element: Unable to locate element: {&quot;method&quot;:&quot;xpath&quot;,&quot;selector&quot;:&quot;//div[@class=&quot;col-sm-12&quot;]//h1&quot;}
  (Session info: chrome=121.0.6167.189)
For documentation on this error, please visit: https://www.selenium.dev/documentation/webdriver/troubleshooting/errors#no-such-element-exception
Build info: version: &apos;4.15.0&apos;, revision: &apos;1d14b5521b&apos;
System info: os.name: &apos;Windows 11&apos;, os.arch: &apos;amd64&apos;, os.version: &apos;10.0&apos;, java.version: &apos;17.0.9&apos;
Driver info: org.openqa.selenium.chrome.ChromeDriver
Command: [f8dd8c9749f1be39de03dd00ab34b717, findElement {using=xpath, value=//div[@class=&quot;col-sm-12&quot;]//h1}]
Capabilities {acceptInsecureCerts: false, browserName: chrome, browserVersion: 121.0.6167.189, chrome: {chromedriverVersion: 121.0.6167.184 (057a8ae7deb..., userDataDir: C:\Users\VISHNU~1\AppData\L...}, fedcm:accounts: true, goog:chromeOptions: {debuggerAddress: localhost:55721}, networkConnectionEnabled: false, pageLoadStrategy: normal, platformName: windows, proxy: Proxy(), se:cdp: ws://localhost:55721/devtoo..., se:cdpVersion: 121.0.6167.189, setWindowRect: true, strictFileInteractability: false, timeouts: {implicit: 0, pageLoad: 300000, script: 30000}, unhandledPromptBehavior: dismiss and notify, webauthn:extension:credBlob: true, webauthn:extension:largeBlob: true, webauthn:extension:minPinLength: true, webauthn:extension:prf: true, webauthn:virtualAuthenticators: true}
Session ID: f8dd8c9749f1be39de03dd00ab34b717
	at org.openqa.selenium.remote.codec.w3c.W3CHttpResponseCodec.createException(W3CHttpResponseCodec.java:200)
	at org.openqa.selenium.remote.codec.w3c.W3CHttpResponseCodec.decode(W3CHttpResponseCodec.java:133)
	at org.openqa.selenium.remote.codec.w3c.W3CHttpResponseCodec.decode(W3CHttpResponseCodec.java:52)
	at org.openqa.selenium.remote.HttpCommandExecutor.execute(HttpCommandExecutor.java:191)
	at org.openqa.selenium.remote.service.DriverCommandExecutor.invokeExecute(DriverCommandExecutor.java:200)
	at org.openqa.selenium.remote.service.DriverCommandExecutor.execute(DriverCommandExecutor.java:175)
	at org.openqa.selenium.remote.RemoteWebDriver.execute(RemoteWebDriver.java:607)
	at org.openqa.selenium.remote.ElementLocation$ElementFinder$2.findElement(ElementLocation.java:165)
	at org.openqa.selenium.remote.ElementLocation.findElement(ElementLocation.java:59)
	at org.openqa.selenium.remote.RemoteWebDriver.findElement(RemoteWebDriver.java:364)
	at org.openqa.selenium.remote.RemoteWebDriver.findElement(RemoteWebDriver.java:358)
	at com.IdentifyNewBikes.pageObjects.homePage.getHeading(homePage.java:140)
	at com.IdentifyNewBikes.stepDefinitions.homePageStepDefinition.user_should_be_navigated_to_upcoming_bikes_tab(homePageStepDefinition.java:48)
	at ✽.User should be navigated to Upcoming bikes tab(file:///C:/Users/VISHNU%20KOSANA/eclipse-workspace/Identify_New_Bikes/src/test/resources/featureFile/IdentifyNewBikes_smoke.feature:27)
... Removed 5 stack frames</pre></div><a href='#' onClick='toggleBox("stack-trace558842416", this, "Click to show all stack frames", "Click to hide stack frames")'>Click to show all stack frames</a>
<div class='stack-trace' id='stack-trace558842416'><pre>org.openqa.selenium.NoSuchElementException: no such element: Unable to locate element: {&quot;method&quot;:&quot;xpath&quot;,&quot;selector&quot;:&quot;//div[@class=&quot;col-sm-12&quot;]//h1&quot;}
  (Session info: chrome=121.0.6167.189)
For documentation on this error, please visit: https://www.selenium.dev/documentation/webdriver/troubleshooting/errors#no-such-element-exception
Build info: version: &apos;4.15.0&apos;, revision: &apos;1d14b5521b&apos;
System info: os.name: &apos;Windows 11&apos;, os.arch: &apos;amd64&apos;, os.version: &apos;10.0&apos;, java.version: &apos;17.0.9&apos;
Driver info: org.openqa.selenium.chrome.ChromeDriver
Command: [f8dd8c9749f1be39de03dd00ab34b717, findElement {using=xpath, value=//div[@class=&quot;col-sm-12&quot;]//h1}]
Capabilities {acceptInsecureCerts: false, browserName: chrome, browserVersion: 121.0.6167.189, chrome: {chromedriverVersion: 121.0.6167.184 (057a8ae7deb..., userDataDir: C:\Users\VISHNU~1\AppData\L...}, fedcm:accounts: true, goog:chromeOptions: {debuggerAddress: localhost:55721}, networkConnectionEnabled: false, pageLoadStrategy: normal, platformName: windows, proxy: Proxy(), se:cdp: ws://localhost:55721/devtoo..., se:cdpVersion: 121.0.6167.189, setWindowRect: true, strictFileInteractability: false, timeouts: {implicit: 0, pageLoad: 300000, script: 30000}, unhandledPromptBehavior: dismiss and notify, webauthn:extension:credBlob: true, webauthn:extension:largeBlob: true, webauthn:extension:minPinLength: true, webauthn:extension:prf: true, webauthn:virtualAuthenticators: true}
Session ID: f8dd8c9749f1be39de03dd00ab34b717
	at java.base/jdk.internal.reflect.NativeConstructorAccessorImpl.newInstance0(Native Method)
	at java.base/jdk.internal.reflect.NativeConstructorAccessorImpl.newInstance(NativeConstructorAccessorImpl.java:77)
	at java.base/jdk.internal.reflect.DelegatingConstructorAccessorImpl.newInstance(DelegatingConstructorAccessorImpl.java:45)
	at java.base/java.lang.reflect.Constructor.newInstanceWithCaller(Constructor.java:499)
	at java.base/java.lang.reflect.Constructor.newInstance(Constructor.java:480)
	at org.openqa.selenium.remote.codec.w3c.W3CHttpResponseCodec.createException(W3CHttpResponseCodec.java:200)
	at org.openqa.selenium.remote.codec.w3c.W3CHttpResponseCodec.decode(W3CHttpResponseCodec.java:133)
	at org.openqa.selenium.remote.codec.w3c.W3CHttpResponseCodec.decode(W3CHttpResponseCodec.java:52)
	at org.openqa.selenium.remote.HttpCommandExecutor.execute(HttpCommandExecutor.java:191)
	at org.openqa.selenium.remote.service.DriverCommandExecutor.invokeExecute(DriverCommandExecutor.java:200)
	at org.openqa.selenium.remote.service.DriverCommandExecutor.execute(DriverCommandExecutor.java:175)
	at org.openqa.selenium.remote.RemoteWebDriver.execute(RemoteWebDriver.java:607)
	at org.openqa.selenium.remote.ElementLocation$ElementFinder$2.findElement(ElementLocation.java:165)
	at org.openqa.selenium.remote.ElementLocation.findElement(ElementLocation.java:59)
	at org.openqa.selenium.remote.RemoteWebDriver.findElement(RemoteWebDriver.java:364)
	at org.openqa.selenium.remote.RemoteWebDriver.findElement(RemoteWebDriver.java:358)
	at com.IdentifyNewBikes.pageObjects.homePage.getHeading(homePage.java:140)
	at com.IdentifyNewBikes.stepDefinitions.homePageStepDefinition.user_should_be_navigated_to_upcoming_bikes_tab(homePageStepDefinition.java:48)
	at ✽.User should be navigated to Upcoming bikes tab(file:///C:/Users/VISHNU%20KOSANA/eclipse-workspace/Identify_New_Bikes/src/test/resources/featureFile/IdentifyNewBikes_smoke.feature:27)
</pre></div></td>
<td>13</td>
<td>com.IdentifyNewBikes.testRunner.testRun@5b1669c0</td></tr>
</table><p>
<table width='100%' border='1' class='invocation-passed'>
<tr><td colspan='4' align='center'><b>PASSED TESTS</b></td></tr>
<tr><td><b>Test method</b></td>
<td width="30%"><b>Exception</b></td>
<td width="10%"><b>Time (seconds)</b></td>
<td><b>Instance</b></td>
</tr>
<tr>
<td title='com.IdentifyNewBikes.testRunner.testRun.runScenario()'><b>runScenario</b><br>Test class: com.IdentifyNewBikes.testRunner.testRun<br>Test method: Runs Cucumber Scenarios<br>Parameters: "Navigating to the Used Cars in that location", "Identify New Bikes"</td>
<td></td>
<td>6</td>
<td>com.IdentifyNewBikes.testRunner.testRun@5b1669c0</td></tr>
<tr>
<td title='com.IdentifyNewBikes.testRunner.testRun.runScenario()'><b>runScenario</b><br>Test class: com.IdentifyNewBikes.testRunner.testRun<br>Test method: Runs Cucumber Scenarios<br>Parameters: "Verifying the dropdown of New Bikes", "Identify New Bikes"</td>
<td></td>
<td>4</td>
<td>com.IdentifyNewBikes.testRunner.testRun@5b1669c0</td></tr>
<tr>
<td title='com.IdentifyNewBikes.testRunner.testRun.runScenario()'><b>runScenario</b><br>Test class: com.IdentifyNewBikes.testRunner.testRun<br>Test method: Runs Cucumber Scenarios<br>Parameters: "Navigating to the Used Cars in that location", "Identify New Bikes"</td>
<td></td>
<td>7</td>
<td>com.IdentifyNewBikes.testRunner.testRun@5b1669c0</td></tr>
<tr>
<td title='com.IdentifyNewBikes.testRunner.testRun.runScenario()'><b>runScenario</b><br>Test class: com.IdentifyNewBikes.testRunner.testRun<br>Test method: Runs Cucumber Scenarios<br>Parameters: "Navigating to the Used Cars for Sale tab", "Identify New Bikes"</td>
<td></td>
<td>4</td>
<td>com.IdentifyNewBikes.testRunner.testRun@5b1669c0</td></tr>
<tr>
<td title='com.IdentifyNewBikes.testRunner.testRun.runScenario()'><b>runScenario</b><br>Test class: com.IdentifyNewBikes.testRunner.testRun<br>Test method: Runs Cucumber Scenarios<br>Parameters: "Verifing the error message is displayed in Sign in tab", "Identify New Bikes"</td>
<td></td>
<td>13</td>
<td>com.IdentifyNewBikes.testRunner.testRun@5b1669c0</td></tr>
<tr>
<td title='com.IdentifyNewBikes.testRunner.testRun.runScenario()'><b>runScenario</b><br>Test class: com.IdentifyNewBikes.testRunner.testRun<br>Test method: Runs Cucumber Scenarios<br>Parameters: "Verifying the login/signup button in zigwheels", "Identify New Bikes"</td>
<td></td>
<td>3</td>
<td>com.IdentifyNewBikes.testRunner.testRun@5b1669c0</td></tr>
<tr>
<td title='com.IdentifyNewBikes.testRunner.testRun.runScenario()'><b>runScenario</b><br>Test class: com.IdentifyNewBikes.testRunner.testRun<br>Test method: Runs Cucumber Scenarios<br>Parameters: "Verifying the header section of zigwheels", "Identify New Bikes"</td>
<td></td>
<td>3</td>
<td>com.IdentifyNewBikes.testRunner.testRun@5b1669c0</td></tr>
<tr>
<td title='com.IdentifyNewBikes.testRunner.testRun.runScenario()'><b>runScenario</b><br>Test class: com.IdentifyNewBikes.testRunner.testRun<br>Test method: Runs Cucumber Scenarios<br>Parameters: "Navigating to the Upcoming Honda Bike tab", "Identify New Bikes"</td>
<td></td>
<td>4</td>
<td>com.IdentifyNewBikes.testRunner.testRun@5b1669c0</td></tr>
<tr>
<td title='com.IdentifyNewBikes.testRunner.testRun.runScenario()'><b>runScenario</b><br>Test class: com.IdentifyNewBikes.testRunner.testRun<br>Test method: Runs Cucumber Scenarios<br>Parameters: "Navigating to the Used Cars in that location", "Identify New Bikes"</td>
<td></td>
<td>5</td>
<td>com.IdentifyNewBikes.testRunner.testRun@5b1669c0</td></tr>
<tr>
<td title='com.IdentifyNewBikes.testRunner.testRun.runScenario()'><b>runScenario</b><br>Test class: com.IdentifyNewBikes.testRunner.testRun<br>Test method: Runs Cucumber Scenarios<br>Parameters: "Getting the car information by selecting each checkbok in popular models filters", "Identify New Bikes"</td>
<td></td>
<td>381</td>
<td>com.IdentifyNewBikes.testRunner.testRun@5b1669c0</td></tr>
<tr>
<td title='com.IdentifyNewBikes.testRunner.testRun.runScenario()'><b>runScenario</b><br>Test class: com.IdentifyNewBikes.testRunner.testRun<br>Test method: Runs Cucumber Scenarios<br>Parameters: "Navigating to the Upcoming Honda Bike tab", "Identify New Bikes"</td>
<td></td>
<td>15</td>
<td>com.IdentifyNewBikes.testRunner.testRun@5b1669c0</td></tr>
<tr>
<td title='com.IdentifyNewBikes.testRunner.testRun.runScenario()'><b>runScenario</b><br>Test class: com.IdentifyNewBikes.testRunner.testRun<br>Test method: Runs Cucumber Scenarios<br>Parameters: "Navigating to the Used Cars for Sale tab", "Identify New Bikes"</td>
<td></td>
<td>396</td>
<td>com.IdentifyNewBikes.testRunner.testRun@5b1669c0</td></tr>
<tr>
<td title='com.IdentifyNewBikes.testRunner.testRun.runScenario()'><b>runScenario</b><br>Test class: com.IdentifyNewBikes.testRunner.testRun<br>Test method: Runs Cucumber Scenarios<br>Parameters: "Navigating to the Used Cars in that location", "Identify New Bikes"</td>
<td></td>
<td>6</td>
<td>com.IdentifyNewBikes.testRunner.testRun@5b1669c0</td></tr>
<tr>
<td title='com.IdentifyNewBikes.testRunner.testRun.runScenario()'><b>runScenario</b><br>Test class: com.IdentifyNewBikes.testRunner.testRun<br>Test method: Runs Cucumber Scenarios<br>Parameters: "Navigating to the Used Cars in that location", "Identify New Bikes"</td>
<td></td>
<td>27</td>
<td>com.IdentifyNewBikes.testRunner.testRun@5b1669c0</td></tr>
<tr>
<td title='com.IdentifyNewBikes.testRunner.testRun.runScenario()'><b>runScenario</b><br>Test class: com.IdentifyNewBikes.testRunner.testRun<br>Test method: Runs Cucumber Scenarios<br>Parameters: "Navigating to the login/register tab", "Identify New Bikes"</td>
<td></td>
<td>9</td>
<td>com.IdentifyNewBikes.testRunner.testRun@5b1669c0</td></tr>
<tr>
<td title='com.IdentifyNewBikes.testRunner.testRun.runScenario()'><b>runScenario</b><br>Test class: com.IdentifyNewBikes.testRunner.testRun<br>Test method: Runs Cucumber Scenarios<br>Parameters: "Getting the upcoming honda bikes information", "Identify New Bikes"</td>
<td></td>
<td>7</td>
<td>com.IdentifyNewBikes.testRunner.testRun@5b1669c0</td></tr>
<tr>
<td title='com.IdentifyNewBikes.testRunner.testRun.runScenario()'><b>runScenario</b><br>Test class: com.IdentifyNewBikes.testRunner.testRun<br>Test method: Runs Cucumber Scenarios<br>Parameters: "Navigating to the Used Cars in that location", "Identify New Bikes"</td>
<td></td>
<td>29</td>
<td>com.IdentifyNewBikes.testRunner.testRun@5b1669c0</td></tr>
<tr>
<td title='com.IdentifyNewBikes.testRunner.testRun.runScenario()'><b>runScenario</b><br>Test class: com.IdentifyNewBikes.testRunner.testRun<br>Test method: Runs Cucumber Scenarios<br>Parameters: "Navigating to the Used Cars in that location", "Identify New Bikes"</td>
<td></td>
<td>5</td>
<td>com.IdentifyNewBikes.testRunner.testRun@5b1669c0</td></tr>
<tr>
<td title='com.IdentifyNewBikes.testRunner.testRun.runScenario()'><b>runScenario</b><br>Test class: com.IdentifyNewBikes.testRunner.testRun<br>Test method: Runs Cucumber Scenarios<br>Parameters: "Navigating to the Used Cars in that location", "Identify New Bikes"</td>
<td></td>
<td>5</td>
<td>com.IdentifyNewBikes.testRunner.testRun@5b1669c0</td></tr>
<tr>
<td title='com.IdentifyNewBikes.testRunner.testRun.runScenario()'><b>runScenario</b><br>Test class: com.IdentifyNewBikes.testRunner.testRun<br>Test method: Runs Cucumber Scenarios<br>Parameters: "Navigating to the Sign in tab", "Identify New Bikes"</td>
<td></td>
<td>13</td>
<td>com.IdentifyNewBikes.testRunner.testRun@5b1669c0</td></tr>
<tr>
<td title='com.IdentifyNewBikes.testRunner.testRun.runScenario()'><b>runScenario</b><br>Test class: com.IdentifyNewBikes.testRunner.testRun<br>Test method: Runs Cucumber Scenarios<br>Parameters: "Verifying the header section of zigwheels", "Identify New Bikes"</td>
<td></td>
<td>4</td>
<td>com.IdentifyNewBikes.testRunner.testRun@5b1669c0</td></tr>
<tr>
<td title='com.IdentifyNewBikes.testRunner.testRun.runScenario()'><b>runScenario</b><br>Test class: com.IdentifyNewBikes.testRunner.testRun<br>Test method: Runs Cucumber Scenarios<br>Parameters: "login functionality", "Identify New Bikes"</td>
<td></td>
<td>15</td>
<td>com.IdentifyNewBikes.testRunner.testRun@5b1669c0</td></tr>
<tr>
<td title='com.IdentifyNewBikes.testRunner.testRun.runScenario()'><b>runScenario</b><br>Test class: com.IdentifyNewBikes.testRunner.testRun<br>Test method: Runs Cucumber Scenarios<br>Parameters: "Navigating to the Used Cars in that location", "Identify New Bikes"</td>
<td></td>
<td>5</td>
<td>com.IdentifyNewBikes.testRunner.testRun@5b1669c0</td></tr>
</table><p>
</body>
</html>