<?xml version="1.0" encoding="UTF-8"?>
<!-- Generated by org.testng.reporters.JUnitReportReporter -->
<testsuite hostname="DESKTOP-3047812" failures="0" tests="24" name="com.IdentifyNewBikes.testRunner.testRun" time="989.733" errors="1" timestamp="2024-02-25T00:10:04 IST" skipped="0">
  <testcase classname="com.IdentifyNewBikes.testRunner.testRun" name="runScenario" time="6.580"/>
  <system-out/>
  <testcase classname="com.IdentifyNewBikes.testRunner.testRun" name="runScenario" time="4.052"/>
  <system-out/>
  <testcase classname="com.IdentifyNewBikes.testRunner.testRun" name="runScenario" time="7.102"/>
  <system-out/>
  <testcase classname="com.IdentifyNewBikes.testRunner.testRun" name="runScenario" time="4.086"/>
  <system-out/>
  <testcase classname="com.IdentifyNewBikes.testRunner.testRun" name="runScenario" time="13.992"/>
  <system-out/>
  <testcase classname="com.IdentifyNewBikes.testRunner.testRun" name="runScenario" time="3.421"/>
  <system-out/>
  <testcase classname="com.IdentifyNewBikes.testRunner.testRun" name="runScenario" time="3.555"/>
  <system-out/>
  <testcase classname="com.IdentifyNewBikes.testRunner.testRun" name="runScenario" time="4.629"/>
  <system-out/>
  <testcase classname="com.IdentifyNewBikes.testRunner.testRun" name="runScenario" time="5.434"/>
  <system-out/>
  <testcase classname="com.IdentifyNewBikes.testRunner.testRun" name="runScenario" time="381.056"/>
  <system-out/>
  <testcase classname="com.IdentifyNewBikes.testRunner.testRun" name="runScenario" time="15.531"/>
  <system-out/>
  <testcase classname="com.IdentifyNewBikes.testRunner.testRun" name="runScenario" time="396.465"/>
  <system-out/>
  <testcase classname="com.IdentifyNewBikes.testRunner.testRun" name="runScenario" time="6.216"/>
  <system-out/>
  <testcase classname="com.IdentifyNewBikes.testRunner.testRun" name="runScenario" time="27.581"/>
  <system-out/>
  <testcase classname="com.IdentifyNewBikes.testRunner.testRun" name="runScenario" time="9.515"/>
  <system-out/>
  <testcase classname="com.IdentifyNewBikes.testRunner.testRun" name="runScenario" time="7.365"/>
  <system-out/>
  <testcase classname="com.IdentifyNewBikes.testRunner.testRun" name="runScenario" time="29.411"/>
  <system-out/>
  <testcase classname="com.IdentifyNewBikes.testRunner.testRun" name="runScenario" time="5.614"/>
  <system-out/>
  <testcase classname="com.IdentifyNewBikes.testRunner.testRun" name="runScenario" time="5.348"/>
  <system-out/>
  <testcase classname="com.IdentifyNewBikes.testRunner.testRun" name="runScenario" time="13.746"/>
  <system-out/>
  <testcase classname="com.IdentifyNewBikes.testRunner.testRun" name="runScenario" time="4.108"/>
  <system-out/>
  <testcase classname="com.IdentifyNewBikes.testRunner.testRun" name="runScenario" time="15.675"/>
  <system-out/>
  <testcase classname="com.IdentifyNewBikes.testRunner.testRun" name="runScenario" time="5.283"/>
  <system-out/>
  <testcase classname="com.IdentifyNewBikes.testRunner.testRun" name="runScenario" time="13.968">
    <error message="no such element: Unable to locate element: {&quot;method&quot;:&quot;xpath&quot;,&quot;selector&quot;:&quot;//div[@class=&quot;col-sm-12&quot;]//h1&quot;}
  (Session info: chrome=121.0.6167.189)
For documentation on this error, please visit: https://www.selenium.dev/documentation/webdriver/troubleshooting/errors#no-such-element-exception
Build info: version: &#039;4.15.0&#039;, revision: &#039;1d14b5521b&#039;
System info: os.name: &#039;Windows 11&#039;, os.arch: &#039;amd64&#039;, os.version: &#039;10.0&#039;, java.version: &#039;17.0.9&#039;
Driver info: org.openqa.selenium.chrome.ChromeDriver
Command: [f8dd8c9749f1be39de03dd00ab34b717, findElement {using=xpath, value=//div[@class=&quot;col-sm-12&quot;]//h1}]
Capabilities {acceptInsecureCerts: false, browserName: chrome, browserVersion: 121.0.6167.189, chrome: {chromedriverVersion: 121.0.6167.184 (057a8ae7deb..., userDataDir: C:\Users\VISHNU~1\AppData\L...}, fedcm:accounts: true, goog:chromeOptions: {debuggerAddress: localhost:55721}, networkConnectionEnabled: false, pageLoadStrategy: normal, platformName: windows, proxy: Proxy(), se:cdp: ws://localhost:55721/devtoo..., se:cdpVersion: 121.0.6167.189, setWindowRect: true, strictFileInteractability: false, timeouts: {implicit: 0, pageLoad: 300000, script: 30000}, unhandledPromptBehavior: dismiss and notify, webauthn:extension:credBlob: true, webauthn:extension:largeBlob: true, webauthn:extension:minPinLength: true, webauthn:extension:prf: true, webauthn:virtualAuthenticators: true}
Session ID: f8dd8c9749f1be39de03dd00ab34b717" type="org.openqa.selenium.NoSuchElementException">
      <![CDATA[org.openqa.selenium.NoSuchElementException: no such element: Unable to locate element: {"method":"xpath","selector":"//div[@class="col-sm-12"]//h1"}
  (Session info: chrome=121.0.6167.189)
For documentation on this error, please visit: https://www.selenium.dev/documentation/webdriver/troubleshooting/errors#no-such-element-exception
Build info: version: '4.15.0', revision: '1d14b5521b'
System info: os.name: 'Windows 11', os.arch: 'amd64', os.version: '10.0', java.version: '17.0.9'
Driver info: org.openqa.selenium.chrome.ChromeDriver
Command: [f8dd8c9749f1be39de03dd00ab34b717, findElement {using=xpath, value=//div[@class="col-sm-12"]//h1}]
Capabilities {acceptInsecureCerts: false, browserName: chrome, browserVersion: 121.0.6167.189, chrome: {chromedriverVersion: 121.0.6167.184 (057a8ae7deb..., userDataDir: C:\Users\VISHNU~1\AppData\L...}, fedcm:accounts: true, goog:chromeOptions: {debuggerAddress: localhost:55721}, networkConnectionEnabled: false, pageLoadStrategy: normal, platformName: windows, proxy: Proxy(), se:cdp: ws://localhost:55721/devtoo..., se:cdpVersion: 121.0.6167.189, setWindowRect: true, strictFileInteractability: false, timeouts: {implicit: 0, pageLoad: 300000, script: 30000}, unhandledPromptBehavior: dismiss and notify, webauthn:extension:credBlob: true, webauthn:extension:largeBlob: true, webauthn:extension:minPinLength: true, webauthn:extension:prf: true, webauthn:virtualAuthenticators: true}
Session ID: f8dd8c9749f1be39de03dd00ab34b717
at java.base/jdk.internal.reflect.NativeConstructorAccessorImpl.newInstance0(Native Method)
at java.base/jdk.internal.reflect.NativeConstructorAccessorImpl.newInstance(NativeConstructorAccessorImpl.java:77)
at java.base/jdk.internal.reflect.DelegatingConstructorAccessorImpl.newInstance(DelegatingConstructorAccessorImpl.java:45)
at java.base/java.lang.reflect.Constructor.newInstanceWithCaller(Constructor.java:499)
at java.base/java.lang.reflect.Constructor.newInstance(Constructor.java:480)
at org.openqa.selenium.remote.codec.w3c.W3CHttpResponseCodec.createException(W3CHttpResponseCodec.java:200)
at org.openqa.selenium.remote.codec.w3c.W3CHttpResponseCodec.decode(W3CHttpResponseCodec.java:133)
at org.openqa.selenium.remote.codec.w3c.W3CHttpResponseCodec.decode(W3CHttpResponseCodec.java:52)
at org.openqa.selenium.remote.HttpCommandExecutor.execute(HttpCommandExecutor.java:191)
at org.openqa.selenium.remote.service.DriverCommandExecutor.invokeExecute(DriverCommandExecutor.java:200)
at org.openqa.selenium.remote.service.DriverCommandExecutor.execute(DriverCommandExecutor.java:175)
at org.openqa.selenium.remote.RemoteWebDriver.execute(RemoteWebDriver.java:607)
at org.openqa.selenium.remote.ElementLocation$ElementFinder$2.findElement(ElementLocation.java:165)
at org.openqa.selenium.remote.ElementLocation.findElement(ElementLocation.java:59)
at org.openqa.selenium.remote.RemoteWebDriver.findElement(RemoteWebDriver.java:364)
at org.openqa.selenium.remote.RemoteWebDriver.findElement(RemoteWebDriver.java:358)
at com.IdentifyNewBikes.pageObjects.homePage.getHeading(homePage.java:140)
at com.IdentifyNewBikes.stepDefinitions.homePageStepDefinition.user_should_be_navigated_to_upcoming_bikes_tab(homePageStepDefinition.java:48)
at âœ½.User should be navigated to Upcoming bikes tab(file:///C:/Users/VISHNU%20KOSANA/eclipse-workspace/Identify_New_Bikes/src/test/resources/featureFile/IdentifyNewBikes_smoke.feature:27)
]]>
    </error>
  </testcase> <!-- runScenario -->
  <system-out/>
</testsuite> <!-- com.IdentifyNewBikes.testRunner.testRun -->
